<?xml version="1.0" encoding="UTF-8"?>
<testng-results ignored="0" total="1" passed="1" failed="0" skipped="0">
  <reporter-output>
  </reporter-output>
  <suite started-at="2025-03-21T10:54:11 IST" name="Default suite" finished-at="2025-03-21T10:54:48 IST" duration-ms="36040">
    <groups>
    </groups>
    <test started-at="2025-03-21T10:54:11 IST" name="Default test" finished-at="2025-03-21T10:54:48 IST" duration-ms="36040">
      <class name="testPackage.TC_BuyProduct_003_Test">
        <test-method is-config="true" signature="browserSetUp()[pri:0, instance:testPackage.TC_BuyProduct_003_Test@158d2680]" started-at="2025-03-21T10:54:12 IST" name="browserSetUp" finished-at="2025-03-21T10:54:17 IST" duration-ms="5980" status="PASS">
          <reporter-output>
          </reporter-output>
        </test-method> <!-- browserSetUp -->
        <test-method is-config="true" signature="validLogin()[pri:0, instance:testPackage.TC_BuyProduct_003_Test@158d2680]" started-at="2025-03-21T10:54:18 IST" name="validLogin" finished-at="2025-03-21T10:54:20 IST" duration-ms="2732" status="PASS">
          <reporter-output>
          </reporter-output>
        </test-method> <!-- validLogin -->
        <test-method signature="buyProductMethod()[pri:0, instance:testPackage.TC_BuyProduct_003_Test@158d2680]" started-at="2025-03-21T10:54:20 IST" name="buyProductMethod" finished-at="2025-03-21T10:54:46 IST" duration-ms="25667" status="PASS">
          <reporter-output>
          </reporter-output>
        </test-method> <!-- buyProductMethod -->
        <test-method is-config="true" signature="logOut()[pri:0, instance:testPackage.TC_BuyProduct_003_Test@158d2680]" started-at="2025-03-21T10:54:46 IST" name="logOut" finished-at="2025-03-21T10:54:47 IST" duration-ms="1353" status="PASS">
          <reporter-output>
          </reporter-output>
        </test-method> <!-- logOut -->
        <test-method is-config="true" signature="browserTearDown()[pri:0, instance:testPackage.TC_BuyProduct_003_Test@158d2680]" started-at="2025-03-21T10:54:47 IST" name="browserTearDown" finished-at="2025-03-21T10:54:48 IST" duration-ms="277" status="PASS">
          <reporter-output>
          </reporter-output>
        </test-method> <!-- browserTearDown -->
      </class> <!-- testPackage.TC_BuyProduct_003_Test -->
    </test> <!-- Default test -->
  </suite> <!-- Default suite -->
</testng-results>
